[INFO ] 2026-02-23 13:18:00.051 [main] OrangeHRM - start
[INFO ] 2026-02-23 13:18:01.181 [main] OrangeHRM - End
[INFO ] 2026-02-23 13:37:41.660 [main] OrangeHRM - Start Login....
[INFO ] 2026-02-23 13:37:43.896 [main] OrangeHRM - Login successful....
[INFO ] 2026-02-23 17:55:13.870 [main] OrangeHRM - Start Login....
[INFO ] 2026-02-23 17:55:18.603 [main] OrangeHRM - Login successful....
[INFO ] 2026-02-23 17:55:27.627 [main] OrangeHRM - Login - passed
[INFO ] 2026-02-23 17:57:05.255 [main] OrangeHRM - Start Login....
[INFO ] 2026-02-23 17:57:07.912 [main] OrangeHRM - Login successful....
[INFO ] 2026-02-23 17:57:12.840 [main] OrangeHRM - Login - failed
[INFO ] 2026-02-23 17:59:35.625 [main] OrangeHRM - Start Login....
[INFO ] 2026-02-23 17:59:39.058 [main] OrangeHRM - Login successful....
[INFO ] 2026-02-23 17:59:46.119 [main] OrangeHRM - Login - passed
[INFO ] 2026-02-23 18:07:50.987 [main] OrangeHRM - Start Login....
[INFO ] 2026-02-23 18:07:52.722 [main] OrangeHRM - Login successful....
[INFO ] 2026-02-23 18:07:55.528 [main] OrangeHRM - Login - failed
[INFO ] 2026-02-24 13:25:16.771 [main] OrangeHRM - Start Login....
[INFO ] 2026-02-24 13:26:15.072 [main] OrangeHRM - Start Login....
[INFO ] 2026-02-24 13:27:19.051 [main] OrangeHRM - Start Login....
[INFO ] 2026-02-24 13:31:01.001 [main] OrangeHRM - Start Login....
[INFO ] 2026-02-24 13:31:03.936 [main] OrangeHRM - Login successful....
[INFO ] 2026-02-24 13:31:20.188 [main] OrangeHRM - Login - passed
[INFO ] 2026-02-24 13:33:32.543 [main] OrangeHRM - Start Login....
[INFO ] 2026-02-24 13:33:40.159 [main] OrangeHRM - Login successful....
[INFO ] 2026-02-24 13:33:53.114 [main] OrangeHRM - Login - failed
[INFO ] 2026-02-24 13:35:15.736 [main] OrangeHRM - Start Login....
[INFO ] 2026-02-24 13:35:17.033 [main] OrangeHRM - Login successful....
[INFO ] 2026-02-24 13:35:23.024 [main] OrangeHRM - Login - failed
